[2026-03-16 12:19:29] production.ERROR: foreach() argument must be of type array|object, int given {"exception":"[object] (ErrorException(code: 0): foreach() argument must be of type array|object, int given at /home/runner/work/Embroidery-Converter/Embroidery-Converter/vendor/laravel/framework/src/Illuminate/Foundation/Bootstrap/RegisterProviders.php:51)
[stacktrace]
#0 /home/runner/work/Embroidery-Converter/Embroidery-Converter/vendor/laravel/framework/src/Illuminate/Foundation/Bootstrap/HandleExceptions.php(258): Illuminate\\Foundation\\Bootstrap\\HandleExceptions->handleError()
#1 /home/runner/work/Embroidery-Converter/Embroidery-Converter/vendor/laravel/framework/src/Illuminate/Foundation/Bootstrap/RegisterProviders.php(51): Illuminate\\Foundation\\Bootstrap\\HandleExceptions->Illuminate\\Foundation\\Bootstrap\\{closure}()
#2 /home/runner/work/Embroidery-Converter/Embroidery-Converter/vendor/laravel/framework/src/Illuminate/Foundation/Bootstrap/RegisterProviders.php(34): Illuminate\\Foundation\\Bootstrap\\RegisterProviders->mergeAdditionalProviders()
#3 /home/runner/work/Embroidery-Converter/Embroidery-Converter/vendor/laravel/framework/src/Illuminate/Foundation/Application.php(342): Illuminate\\Foundation\\Bootstrap\\RegisterProviders->bootstrap()
#4 /home/runner/work/Embroidery-Converter/Embroidery-Converter/vendor/laravel/framework/src/Illuminate/Foundation/Console/Kernel.php(474): Illuminate\\Foundation\\Application->bootstrapWith()
#5 /home/runner/work/Embroidery-Converter/Embroidery-Converter/vendor/laravel/framework/src/Illuminate/Foundation/Console/Kernel.php(196): Illuminate\\Foundation\\Console\\Kernel->bootstrap()
#6 /home/runner/work/Embroidery-Converter/Embroidery-Converter/artisan(24): Illuminate\\Foundation\\Console\\Kernel->handle()
#7 {main}
"} 
[2026-03-16 12:21:52] production.ERROR: Call to undefined method Laravel\Cashier\Cashier::ignoreMigrations() {"exception":"[object] (Error(code: 0): Call to undefined method Laravel\\Cashier\\Cashier::ignoreMigrations() at /home/runner/work/Embroidery-Converter/Embroidery-Converter/app/Providers/AppServiceProvider.php:33)
[stacktrace]
#0 /home/runner/work/Embroidery-Converter/Embroidery-Converter/vendor/laravel/framework/src/Illuminate/Container/BoundMethod.php(36): App\\Providers\\AppServiceProvider->boot()
#1 /home/runner/work/Embroidery-Converter/Embroidery-Converter/vendor/laravel/framework/src/Illuminate/Container/Util.php(43): Illuminate\\Container\\BoundMethod::Illuminate\\Container\\{closure}()
#2 /home/runner/work/Embroidery-Converter/Embroidery-Converter/vendor/laravel/framework/src/Illuminate/Container/BoundMethod.php(95): Illuminate\\Container\\Util::unwrapIfClosure()
#3 /home/runner/work/Embroidery-Converter/Embroidery-Converter/vendor/laravel/framework/src/Illuminate/Container/BoundMethod.php(35): Illuminate\\Container\\BoundMethod::callBoundMethod()
#4 /home/runner/work/Embroidery-Converter/Embroidery-Converter/vendor/laravel/framework/src/Illuminate/Container/Container.php(696): Illuminate\\Container\\BoundMethod::call()
#5 /home/runner/work/Embroidery-Converter/Embroidery-Converter/vendor/laravel/framework/src/Illuminate/Foundation/Application.php(1151): Illuminate\\Container\\Container->call()
#6 /home/runner/work/Embroidery-Converter/Embroidery-Converter/vendor/laravel/framework/src/Illuminate/Foundation/Application.php(1132): Illuminate\\Foundation\\Application->bootProvider()
#7 [internal function]: Illuminate\\Foundation\\Application->Illuminate\\Foundation\\{closure}()
#8 /home/runner/work/Embroidery-Converter/Embroidery-Converter/vendor/laravel/framework/src/Illuminate/Foundation/Application.php(1131): array_walk()
#9 /home/runner/work/Embroidery-Converter/Embroidery-Converter/vendor/laravel/framework/src/Illuminate/Foundation/Bootstrap/BootProviders.php(17): Illuminate\\Foundation\\Application->boot()
#10 /home/runner/work/Embroidery-Converter/Embroidery-Converter/vendor/laravel/framework/src/Illuminate/Foundation/Application.php(342): Illuminate\\Foundation\\Bootstrap\\BootProviders->bootstrap()
#11 /home/runner/work/Embroidery-Converter/Embroidery-Converter/vendor/laravel/framework/src/Illuminate/Foundation/Console/Kernel.php(474): Illuminate\\Foundation\\Application->bootstrapWith()
#12 /home/runner/work/Embroidery-Converter/Embroidery-Converter/vendor/laravel/framework/src/Illuminate/Foundation/Console/Kernel.php(196): Illuminate\\Foundation\\Console\\Kernel->bootstrap()
#13 /home/runner/work/Embroidery-Converter/Embroidery-Converter/artisan(24): Illuminate\\Foundation\\Console\\Kernel->handle()
#14 {main}
"} 
[2026-03-16 12:21:58] production.ERROR: Call to undefined method Laravel\Cashier\Cashier::ignoreMigrations() {"exception":"[object] (Error(code: 0): Call to undefined method Laravel\\Cashier\\Cashier::ignoreMigrations() at /home/runner/work/Embroidery-Converter/Embroidery-Converter/app/Providers/AppServiceProvider.php:33)
[stacktrace]
#0 /home/runner/work/Embroidery-Converter/Embroidery-Converter/vendor/laravel/framework/src/Illuminate/Container/BoundMethod.php(36): App\\Providers\\AppServiceProvider->boot()
#1 /home/runner/work/Embroidery-Converter/Embroidery-Converter/vendor/laravel/framework/src/Illuminate/Container/Util.php(43): Illuminate\\Container\\BoundMethod::Illuminate\\Container\\{closure}()
#2 /home/runner/work/Embroidery-Converter/Embroidery-Converter/vendor/laravel/framework/src/Illuminate/Container/BoundMethod.php(95): Illuminate\\Container\\Util::unwrapIfClosure()
#3 /home/runner/work/Embroidery-Converter/Embroidery-Converter/vendor/laravel/framework/src/Illuminate/Container/BoundMethod.php(35): Illuminate\\Container\\BoundMethod::callBoundMethod()
#4 /home/runner/work/Embroidery-Converter/Embroidery-Converter/vendor/laravel/framework/src/Illuminate/Container/Container.php(696): Illuminate\\Container\\BoundMethod::call()
#5 /home/runner/work/Embroidery-Converter/Embroidery-Converter/vendor/laravel/framework/src/Illuminate/Foundation/Application.php(1151): Illuminate\\Container\\Container->call()
#6 /home/runner/work/Embroidery-Converter/Embroidery-Converter/vendor/laravel/framework/src/Illuminate/Foundation/Application.php(1132): Illuminate\\Foundation\\Application->bootProvider()
#7 [internal function]: Illuminate\\Foundation\\Application->Illuminate\\Foundation\\{closure}()
#8 /home/runner/work/Embroidery-Converter/Embroidery-Converter/vendor/laravel/framework/src/Illuminate/Foundation/Application.php(1131): array_walk()
#9 /home/runner/work/Embroidery-Converter/Embroidery-Converter/vendor/laravel/framework/src/Illuminate/Foundation/Bootstrap/BootProviders.php(17): Illuminate\\Foundation\\Application->boot()
#10 /home/runner/work/Embroidery-Converter/Embroidery-Converter/vendor/laravel/framework/src/Illuminate/Foundation/Application.php(342): Illuminate\\Foundation\\Bootstrap\\BootProviders->bootstrap()
#11 /home/runner/work/Embroidery-Converter/Embroidery-Converter/vendor/laravel/framework/src/Illuminate/Foundation/Console/Kernel.php(474): Illuminate\\Foundation\\Application->bootstrapWith()
#12 /home/runner/work/Embroidery-Converter/Embroidery-Converter/vendor/laravel/framework/src/Illuminate/Foundation/Console/Kernel.php(196): Illuminate\\Foundation\\Console\\Kernel->bootstrap()
#13 /home/runner/work/Embroidery-Converter/Embroidery-Converter/artisan(24): Illuminate\\Foundation\\Console\\Kernel->handle()
#14 {main}
"} 
[2026-03-16 12:22:09] production.ERROR: Class "App\Http\Controllers\Controller" not found {"exception":"[object] (Error(code: 0): Class \"App\\Http\\Controllers\\Controller\" not found at /home/runner/work/Embroidery-Converter/Embroidery-Converter/app/Http/Controllers/Auth/VerifyEmailController.php:10)
[stacktrace]
#0 /home/runner/work/Embroidery-Converter/Embroidery-Converter/vendor/composer/ClassLoader.php(576): include()
#1 /home/runner/work/Embroidery-Converter/Embroidery-Converter/vendor/composer/ClassLoader.php(427): Composer\\Autoload\\{closure}()
#2 [internal function]: Composer\\Autoload\\ClassLoader->loadClass()
#3 /home/runner/work/Embroidery-Converter/Embroidery-Converter/vendor/laravel/framework/src/Illuminate/Routing/RouteAction.php(91): method_exists()
#4 /home/runner/work/Embroidery-Converter/Embroidery-Converter/vendor/laravel/framework/src/Illuminate/Routing/RouteAction.php(47): Illuminate\\Routing\\RouteAction::makeInvokable()
#5 /home/runner/work/Embroidery-Converter/Embroidery-Converter/vendor/laravel/framework/src/Illuminate/Routing/Route.php(198): Illuminate\\Routing\\RouteAction::parse()
#6 /home/runner/work/Embroidery-Converter/Embroidery-Converter/vendor/laravel/framework/src/Illuminate/Routing/Route.php(179): Illuminate\\Routing\\Route->parseAction()
#7 /home/runner/work/Embroidery-Converter/Embroidery-Converter/vendor/laravel/framework/src/Illuminate/Routing/Router.php(671): Illuminate\\Routing\\Route->__construct()
#8 /home/runner/work/Embroidery-Converter/Embroidery-Converter/vendor/laravel/framework/src/Illuminate/Routing/Router.php(563): Illuminate\\Routing\\Router->newRoute()
#9 /home/runner/work/Embroidery-Converter/Embroidery-Converter/vendor/laravel/framework/src/Illuminate/Routing/Router.php(543): Illuminate\\Routing\\Router->createRoute()
#10 /home/runner/work/Embroidery-Converter/Embroidery-Converter/vendor/laravel/framework/src/Illuminate/Routing/Router.php(161): Illuminate\\Routing\\Router->addRoute()
#11 /home/runner/work/Embroidery-Converter/Embroidery-Converter/vendor/laravel/framework/src/Illuminate/Support/Facades/Facade.php(361): Illuminate\\Routing\\Router->get()
#12 /home/runner/work/Embroidery-Converter/Embroidery-Converter/routes/web.php(55): Illuminate\\Support\\Facades\\Facade::__callStatic()
#13 /home/runner/work/Embroidery-Converter/Embroidery-Converter/vendor/laravel/framework/src/Illuminate/Routing/Router.php(511): Illuminate\\Routing\\RouteFileRegistrar->{closure}()
#14 /home/runner/work/Embroidery-Converter/Embroidery-Converter/vendor/laravel/framework/src/Illuminate/Routing/Router.php(467): Illuminate\\Routing\\Router->loadRoutes()
#15 /home/runner/work/Embroidery-Converter/Embroidery-Converter/vendor/laravel/framework/src/Illuminate/Routing/RouteRegistrar.php(207): Illuminate\\Routing\\Router->group()
#16 /home/runner/work/Embroidery-Converter/Embroidery-Converter/routes/web.php(52): Illuminate\\Routing\\RouteRegistrar->group()
#17 /home/runner/work/Embroidery-Converter/Embroidery-Converter/vendor/laravel/framework/src/Illuminate/Routing/RouteFileRegistrar.php(35): require('...')
#18 /home/runner/work/Embroidery-Converter/Embroidery-Converter/vendor/laravel/framework/src/Illuminate/Routing/Router.php(513): Illuminate\\Routing\\RouteFileRegistrar->register()
#19 /home/runner/work/Embroidery-Converter/Embroidery-Converter/vendor/laravel/framework/src/Illuminate/Routing/Router.php(467): Illuminate\\Routing\\Router->loadRoutes()
#20 /home/runner/work/Embroidery-Converter/Embroidery-Converter/vendor/laravel/framework/src/Illuminate/Routing/RouteRegistrar.php(207): Illuminate\\Routing\\Router->group()
#21 /home/runner/work/Embroidery-Converter/Embroidery-Converter/vendor/laravel/framework/src/Illuminate/Foundation/Configuration/ApplicationBuilder.php(248): Illuminate\\Routing\\RouteRegistrar->group()
#22 /home/runner/work/Embroidery-Converter/Embroidery-Converter/vendor/laravel/framework/src/Illuminate/Container/BoundMethod.php(36): Illuminate\\Foundation\\Configuration\\ApplicationBuilder->Illuminate\\Foundation\\Configuration\\{closure}()
#23 /home/runner/work/Embroidery-Converter/Embroidery-Converter/vendor/laravel/framework/src/Illuminate/Container/Util.php(43): Illuminate\\Container\\BoundMethod::Illuminate\\Container\\{closure}()
#24 /home/runner/work/Embroidery-Converter/Embroidery-Converter/vendor/laravel/framework/src/Illuminate/Container/BoundMethod.php(83): Illuminate\\Container\\Util::unwrapIfClosure()
#25 /home/runner/work/Embroidery-Converter/Embroidery-Converter/vendor/laravel/framework/src/Illuminate/Container/BoundMethod.php(35): Illuminate\\Container\\BoundMethod::callBoundMethod()
#26 /home/runner/work/Embroidery-Converter/Embroidery-Converter/vendor/laravel/framework/src/Illuminate/Container/Container.php(696): Illuminate\\Container\\BoundMethod::call()
#27 /home/runner/work/Embroidery-Converter/Embroidery-Converter/vendor/laravel/framework/src/Illuminate/Foundation/Support/Providers/RouteServiceProvider.php(162): Illuminate\\Container\\Container->call()
#28 /home/runner/work/Embroidery-Converter/Embroidery-Converter/vendor/laravel/framework/src/Illuminate/Foundation/Support/Providers/RouteServiceProvider.php(59): Illuminate\\Foundation\\Support\\Providers\\RouteServiceProvider->loadRoutes()
#29 /home/runner/work/Embroidery-Converter/Embroidery-Converter/vendor/laravel/framework/src/Illuminate/Container/BoundMethod.php(36): Illuminate\\Foundation\\Support\\Providers\\RouteServiceProvider->Illuminate\\Foundation\\Support\\Providers\\{closure}()
#30 /home/runner/work/Embroidery-Converter/Embroidery-Converter/vendor/laravel/framework/src/Illuminate/Container/Util.php(43): Illuminate\\Container\\BoundMethod::Illuminate\\Container\\{closure}()
#31 /home/runner/work/Embroidery-Converter/Embroidery-Converter/vendor/laravel/framework/src/Illuminate/Container/BoundMethod.php(83): Illuminate\\Container\\Util::unwrapIfClosure()
#32 /home/runner/work/Embroidery-Converter/Embroidery-Converter/vendor/laravel/framework/src/Illuminate/Container/BoundMethod.php(35): Illuminate\\Container\\BoundMethod::callBoundMethod()
#33 /home/runner/work/Embroidery-Converter/Embroidery-Converter/vendor/laravel/framework/src/Illuminate/Container/Container.php(696): Illuminate\\Container\\BoundMethod::call()
#34 /home/runner/work/Embroidery-Converter/Embroidery-Converter/vendor/laravel/framework/src/Illuminate/Support/ServiceProvider.php(144): Illuminate\\Container\\Container->call()
#35 /home/runner/work/Embroidery-Converter/Embroidery-Converter/vendor/laravel/framework/src/Illuminate/Foundation/Application.php(1154): Illuminate\\Support\\ServiceProvider->callBootedCallbacks()
#36 /home/runner/work/Embroidery-Converter/Embroidery-Converter/vendor/laravel/framework/src/Illuminate/Foundation/Application.php(1132): Illuminate\\Foundation\\Application->bootProvider()
#37 [internal function]: Illuminate\\Foundation\\Application->Illuminate\\Foundation\\{closure}()
#38 /home/runner/work/Embroidery-Converter/Embroidery-Converter/vendor/laravel/framework/src/Illuminate/Foundation/Application.php(1131): array_walk()
#39 /home/runner/work/Embroidery-Converter/Embroidery-Converter/vendor/laravel/framework/src/Illuminate/Foundation/Bootstrap/BootProviders.php(17): Illuminate\\Foundation\\Application->boot()
#40 /home/runner/work/Embroidery-Converter/Embroidery-Converter/vendor/laravel/framework/src/Illuminate/Foundation/Application.php(342): Illuminate\\Foundation\\Bootstrap\\BootProviders->bootstrap()
#41 /home/runner/work/Embroidery-Converter/Embroidery-Converter/vendor/laravel/framework/src/Illuminate/Foundation/Console/Kernel.php(474): Illuminate\\Foundation\\Application->bootstrapWith()
#42 /home/runner/work/Embroidery-Converter/Embroidery-Converter/vendor/laravel/framework/src/Illuminate/Foundation/Console/Kernel.php(196): Illuminate\\Foundation\\Console\\Kernel->bootstrap()
#43 /home/runner/work/Embroidery-Converter/Embroidery-Converter/artisan(24): Illuminate\\Foundation\\Console\\Kernel->handle()
#44 {main}
"} 
[2026-03-16 12:23:17] local.ERROR: SQLSTATE[HY000] [2002] Connection refused (Connection: mysql, SQL: select exists (select 1 from information_schema.tables where table_schema = 'embroidery_converter' and table_name = 'migrations' and table_type in ('BASE TABLE', 'SYSTEM VERSIONED')) as `exists`) {"exception":"[object] (Illuminate\\Database\\QueryException(code: 2002): SQLSTATE[HY000] [2002] Connection refused (Connection: mysql, SQL: select exists (select 1 from information_schema.tables where table_schema = 'embroidery_converter' and table_name = 'migrations' and table_type in ('BASE TABLE', 'SYSTEM VERSIONED')) as `exists`) at /home/runner/work/Embroidery-Converter/Embroidery-Converter/vendor/laravel/framework/src/Illuminate/Database/Connection.php:825)
[stacktrace]
#0 /home/runner/work/Embroidery-Converter/Embroidery-Converter/vendor/laravel/framework/src/Illuminate/Database/Connection.php(979): Illuminate\\Database\\Connection->runQueryCallback()
#1 /home/runner/work/Embroidery-Converter/Embroidery-Converter/vendor/laravel/framework/src/Illuminate/Database/Connection.php(958): Illuminate\\Database\\Connection->tryAgainIfCausedByLostConnection()
#2 /home/runner/work/Embroidery-Converter/Embroidery-Converter/vendor/laravel/framework/src/Illuminate/Database/Connection.php(781): Illuminate\\Database\\Connection->handleQueryException()
#3 /home/runner/work/Embroidery-Converter/Embroidery-Converter/vendor/laravel/framework/src/Illuminate/Database/Connection.php(398): Illuminate\\Database\\Connection->run()
#4 /home/runner/work/Embroidery-Converter/Embroidery-Converter/vendor/laravel/framework/src/Illuminate/Database/Connection.php(344): Illuminate\\Database\\Connection->select()
#5 /home/runner/work/Embroidery-Converter/Embroidery-Converter/vendor/laravel/framework/src/Illuminate/Database/Connection.php(361): Illuminate\\Database\\Connection->selectOne()
#6 /home/runner/work/Embroidery-Converter/Embroidery-Converter/vendor/laravel/framework/src/Illuminate/Database/Schema/MySqlBuilder.php(45): Illuminate\\Database\\Connection->scalar()
#7 /home/runner/work/Embroidery-Converter/Embroidery-Converter/vendor/laravel/framework/src/Illuminate/Database/Migrations/DatabaseMigrationRepository.php(184): Illuminate\\Database\\Schema\\MySqlBuilder->hasTable()
#8 /home/runner/work/Embroidery-Converter/Embroidery-Converter/vendor/laravel/framework/src/Illuminate/Database/Migrations/Migrator.php(742): Illuminate\\Database\\Migrations\\DatabaseMigrationRepository->repositoryExists()
#9 /home/runner/work/Embroidery-Converter/Embroidery-Converter/vendor/laravel/framework/src/Illuminate/Database/Console/Migrations/MigrateCommand.php(165): Illuminate\\Database\\Migrations\\Migrator->repositoryExists()
#10 /home/runner/work/Embroidery-Converter/Embroidery-Converter/vendor/laravel/framework/src/Illuminate/Support/helpers.php(338): Illuminate\\Database\\Console\\Migrations\\MigrateCommand->Illuminate\\Database\\Console\\Migrations\\{closure}()
#11 /home/runner/work/Embroidery-Converter/Embroidery-Converter/vendor/laravel/framework/src/Illuminate/Database/Console/Migrations/MigrateCommand.php(165): retry()
#12 /home/runner/work/Embroidery-Converter/Embroidery-Converter/vendor/laravel/framework/src/Illuminate/Database/Console/Migrations/MigrateCommand.php(141): Illuminate\\Database\\Console\\Migrations\\MigrateCommand->repositoryExists()
#13 /home/runner/work/Embroidery-Converter/Embroidery-Converter/vendor/laravel/framework/src/Illuminate/Database/Console/Migrations/MigrateCommand.php(111): Illuminate\\Database\\Console\\Migrations\\MigrateCommand->prepareDatabase()
#14 /home/runner/work/Embroidery-Converter/Embroidery-Converter/vendor/laravel/framework/src/Illuminate/Database/Migrations/Migrator.php(658): Illuminate\\Database\\Console\\Migrations\\MigrateCommand->Illuminate\\Database\\Console\\Migrations\\{closure}()
#15 /home/runner/work/Embroidery-Converter/Embroidery-Converter/vendor/laravel/framework/src/Illuminate/Database/Console/Migrations/MigrateCommand.php(110): Illuminate\\Database\\Migrations\\Migrator->usingConnection()
#16 /home/runner/work/Embroidery-Converter/Embroidery-Converter/vendor/laravel/framework/src/Illuminate/Database/Console/Migrations/MigrateCommand.php(89): Illuminate\\Database\\Console\\Migrations\\MigrateCommand->runMigrations()
#17 /home/runner/work/Embroidery-Converter/Embroidery-Converter/vendor/laravel/framework/src/Illuminate/Container/BoundMethod.php(36): Illuminate\\Database\\Console\\Migrations\\MigrateCommand->handle()
#18 /home/runner/work/Embroidery-Converter/Embroidery-Converter/vendor/laravel/framework/src/Illuminate/Container/Util.php(43): Illuminate\\Container\\BoundMethod::Illuminate\\Container\\{closure}()
#19 /home/runner/work/Embroidery-Converter/Embroidery-Converter/vendor/laravel/framework/src/Illuminate/Container/BoundMethod.php(95): Illuminate\\Container\\Util::unwrapIfClosure()
#20 /home/runner/work/Embroidery-Converter/Embroidery-Converter/vendor/laravel/framework/src/Illuminate/Container/BoundMethod.php(35): Illuminate\\Container\\BoundMethod::callBoundMethod()
#21 /home/runner/work/Embroidery-Converter/Embroidery-Converter/vendor/laravel/framework/src/Illuminate/Container/Container.php(696): Illuminate\\Container\\BoundMethod::call()
#22 /home/runner/work/Embroidery-Converter/Embroidery-Converter/vendor/laravel/framework/src/Illuminate/Console/Command.php(213): Illuminate\\Container\\Container->call()
#23 /home/runner/work/Embroidery-Converter/Embroidery-Converter/vendor/symfony/console/Command/Command.php(341): Illuminate\\Console\\Command->execute()
#24 /home/runner/work/Embroidery-Converter/Embroidery-Converter/vendor/laravel/framework/src/Illuminate/Console/Command.php(182): Symfony\\Component\\Console\\Command\\Command->run()
#25 /home/runner/work/Embroidery-Converter/Embroidery-Converter/vendor/symfony/console/Application.php(1117): Illuminate\\Console\\Command->run()
#26 /home/runner/work/Embroidery-Converter/Embroidery-Converter/vendor/symfony/console/Application.php(356): Symfony\\Component\\Console\\Application->doRunCommand()
#27 /home/runner/work/Embroidery-Converter/Embroidery-Converter/vendor/symfony/console/Application.php(195): Symfony\\Component\\Console\\Application->doRun()
#28 /home/runner/work/Embroidery-Converter/Embroidery-Converter/vendor/laravel/framework/src/Illuminate/Foundation/Console/Kernel.php(198): Symfony\\Component\\Console\\Application->run()
#29 /home/runner/work/Embroidery-Converter/Embroidery-Converter/artisan(24): Illuminate\\Foundation\\Console\\Kernel->handle()
#30 {main}

[previous exception] [object] (PDOException(code: 2002): SQLSTATE[HY000] [2002] Connection refused at /home/runner/work/Embroidery-Converter/Embroidery-Converter/vendor/laravel/framework/src/Illuminate/Database/Connectors/Connector.php:66)
[stacktrace]
#0 /home/runner/work/Embroidery-Converter/Embroidery-Converter/vendor/laravel/framework/src/Illuminate/Database/Connectors/Connector.php(66): PDO->__construct()
#1 /home/runner/work/Embroidery-Converter/Embroidery-Converter/vendor/laravel/framework/src/Illuminate/Database/Connectors/Connector.php(85): Illuminate\\Database\\Connectors\\Connector->createPdoConnection()
#2 /home/runner/work/Embroidery-Converter/Embroidery-Converter/vendor/laravel/framework/src/Illuminate/Database/Connectors/Connector.php(48): Illuminate\\Database\\Connectors\\Connector->tryAgainIfCausedByLostConnection()
#3 /home/runner/work/Embroidery-Converter/Embroidery-Converter/vendor/laravel/framework/src/Illuminate/Database/Connectors/MySqlConnector.php(24): Illuminate\\Database\\Connectors\\Connector->createConnection()
#4 /home/runner/work/Embroidery-Converter/Embroidery-Converter/vendor/laravel/framework/src/Illuminate/Database/Connectors/ConnectionFactory.php(185): Illuminate\\Database\\Connectors\\MySqlConnector->connect()
#5 [internal function]: Illuminate\\Database\\Connectors\\ConnectionFactory->Illuminate\\Database\\Connectors\\{closure}()
#6 /home/runner/work/Embroidery-Converter/Embroidery-Converter/vendor/laravel/framework/src/Illuminate/Database/Connection.php(1231): call_user_func()
#7 /home/runner/work/Embroidery-Converter/Embroidery-Converter/vendor/laravel/framework/src/Illuminate/Database/Connection.php(1267): Illuminate\\Database\\Connection->getPdo()
#8 /home/runner/work/Embroidery-Converter/Embroidery-Converter/vendor/laravel/framework/src/Illuminate/Database/Connection.php(512): Illuminate\\Database\\Connection->getReadPdo()
#9 /home/runner/work/Embroidery-Converter/Embroidery-Converter/vendor/laravel/framework/src/Illuminate/Database/Connection.php(407): Illuminate\\Database\\Connection->getPdoForSelect()
#10 /home/runner/work/Embroidery-Converter/Embroidery-Converter/vendor/laravel/framework/src/Illuminate/Database/Connection.php(812): Illuminate\\Database\\Connection->Illuminate\\Database\\{closure}()
#11 /home/runner/work/Embroidery-Converter/Embroidery-Converter/vendor/laravel/framework/src/Illuminate/Database/Connection.php(979): Illuminate\\Database\\Connection->runQueryCallback()
#12 /home/runner/work/Embroidery-Converter/Embroidery-Converter/vendor/laravel/framework/src/Illuminate/Database/Connection.php(958): Illuminate\\Database\\Connection->tryAgainIfCausedByLostConnection()
#13 /home/runner/work/Embroidery-Converter/Embroidery-Converter/vendor/laravel/framework/src/Illuminate/Database/Connection.php(781): Illuminate\\Database\\Connection->handleQueryException()
#14 /home/runner/work/Embroidery-Converter/Embroidery-Converter/vendor/laravel/framework/src/Illuminate/Database/Connection.php(398): Illuminate\\Database\\Connection->run()
#15 /home/runner/work/Embroidery-Converter/Embroidery-Converter/vendor/laravel/framework/src/Illuminate/Database/Connection.php(344): Illuminate\\Database\\Connection->select()
#16 /home/runner/work/Embroidery-Converter/Embroidery-Converter/vendor/laravel/framework/src/Illuminate/Database/Connection.php(361): Illuminate\\Database\\Connection->selectOne()
#17 /home/runner/work/Embroidery-Converter/Embroidery-Converter/vendor/laravel/framework/src/Illuminate/Database/Schema/MySqlBuilder.php(45): Illuminate\\Database\\Connection->scalar()
#18 /home/runner/work/Embroidery-Converter/Embroidery-Converter/vendor/laravel/framework/src/Illuminate/Database/Migrations/DatabaseMigrationRepository.php(184): Illuminate\\Database\\Schema\\MySqlBuilder->hasTable()
#19 /home/runner/work/Embroidery-Converter/Embroidery-Converter/vendor/laravel/framework/src/Illuminate/Database/Migrations/Migrator.php(742): Illuminate\\Database\\Migrations\\DatabaseMigrationRepository->repositoryExists()
#20 /home/runner/work/Embroidery-Converter/Embroidery-Converter/vendor/laravel/framework/src/Illuminate/Database/Console/Migrations/MigrateCommand.php(165): Illuminate\\Database\\Migrations\\Migrator->repositoryExists()
#21 /home/runner/work/Embroidery-Converter/Embroidery-Converter/vendor/laravel/framework/src/Illuminate/Support/helpers.php(338): Illuminate\\Database\\Console\\Migrations\\MigrateCommand->Illuminate\\Database\\Console\\Migrations\\{closure}()
#22 /home/runner/work/Embroidery-Converter/Embroidery-Converter/vendor/laravel/framework/src/Illuminate/Database/Console/Migrations/MigrateCommand.php(165): retry()
#23 /home/runner/work/Embroidery-Converter/Embroidery-Converter/vendor/laravel/framework/src/Illuminate/Database/Console/Migrations/MigrateCommand.php(141): Illuminate\\Database\\Console\\Migrations\\MigrateCommand->repositoryExists()
#24 /home/runner/work/Embroidery-Converter/Embroidery-Converter/vendor/laravel/framework/src/Illuminate/Database/Console/Migrations/MigrateCommand.php(111): Illuminate\\Database\\Console\\Migrations\\MigrateCommand->prepareDatabase()
#25 /home/runner/work/Embroidery-Converter/Embroidery-Converter/vendor/laravel/framework/src/Illuminate/Database/Migrations/Migrator.php(658): Illuminate\\Database\\Console\\Migrations\\MigrateCommand->Illuminate\\Database\\Console\\Migrations\\{closure}()
#26 /home/runner/work/Embroidery-Converter/Embroidery-Converter/vendor/laravel/framework/src/Illuminate/Database/Console/Migrations/MigrateCommand.php(110): Illuminate\\Database\\Migrations\\Migrator->usingConnection()
#27 /home/runner/work/Embroidery-Converter/Embroidery-Converter/vendor/laravel/framework/src/Illuminate/Database/Console/Migrations/MigrateCommand.php(89): Illuminate\\Database\\Console\\Migrations\\MigrateCommand->runMigrations()
#28 /home/runner/work/Embroidery-Converter/Embroidery-Converter/vendor/laravel/framework/src/Illuminate/Container/BoundMethod.php(36): Illuminate\\Database\\Console\\Migrations\\MigrateCommand->handle()
#29 /home/runner/work/Embroidery-Converter/Embroidery-Converter/vendor/laravel/framework/src/Illuminate/Container/Util.php(43): Illuminate\\Container\\BoundMethod::Illuminate\\Container\\{closure}()
#30 /home/runner/work/Embroidery-Converter/Embroidery-Converter/vendor/laravel/framework/src/Illuminate/Container/BoundMethod.php(95): Illuminate\\Container\\Util::unwrapIfClosure()
#31 /home/runner/work/Embroidery-Converter/Embroidery-Converter/vendor/laravel/framework/src/Illuminate/Container/BoundMethod.php(35): Illuminate\\Container\\BoundMethod::callBoundMethod()
#32 /home/runner/work/Embroidery-Converter/Embroidery-Converter/vendor/laravel/framework/src/Illuminate/Container/Container.php(696): Illuminate\\Container\\BoundMethod::call()
#33 /home/runner/work/Embroidery-Converter/Embroidery-Converter/vendor/laravel/framework/src/Illuminate/Console/Command.php(213): Illuminate\\Container\\Container->call()
#34 /home/runner/work/Embroidery-Converter/Embroidery-Converter/vendor/symfony/console/Command/Command.php(341): Illuminate\\Console\\Command->execute()
#35 /home/runner/work/Embroidery-Converter/Embroidery-Converter/vendor/laravel/framework/src/Illuminate/Console/Command.php(182): Symfony\\Component\\Console\\Command\\Command->run()
#36 /home/runner/work/Embroidery-Converter/Embroidery-Converter/vendor/symfony/console/Application.php(1117): Illuminate\\Console\\Command->run()
#37 /home/runner/work/Embroidery-Converter/Embroidery-Converter/vendor/symfony/console/Application.php(356): Symfony\\Component\\Console\\Application->doRunCommand()
#38 /home/runner/work/Embroidery-Converter/Embroidery-Converter/vendor/symfony/console/Application.php(195): Symfony\\Component\\Console\\Application->doRun()
#39 /home/runner/work/Embroidery-Converter/Embroidery-Converter/vendor/laravel/framework/src/Illuminate/Foundation/Console/Kernel.php(198): Symfony\\Component\\Console\\Application->run()
#40 /home/runner/work/Embroidery-Converter/Embroidery-Converter/artisan(24): Illuminate\\Foundation\\Console\\Kernel->handle()
#41 {main}
"} 
[2026-03-16 12:27:19] local.ERROR: The "--compact" option does not exist. {"exception":"[object] (Symfony\\Component\\Console\\Exception\\RuntimeException(code: 0): The \"--compact\" option does not exist. at /home/runner/work/Embroidery-Converter/Embroidery-Converter/vendor/symfony/console/Input/ArgvInput.php:226)
[stacktrace]
#0 /home/runner/work/Embroidery-Converter/Embroidery-Converter/vendor/symfony/console/Input/ArgvInput.php(155): Symfony\\Component\\Console\\Input\\ArgvInput->addLongOption()
#1 /home/runner/work/Embroidery-Converter/Embroidery-Converter/vendor/symfony/console/Input/ArgvInput.php(88): Symfony\\Component\\Console\\Input\\ArgvInput->parseLongOption()
#2 /home/runner/work/Embroidery-Converter/Embroidery-Converter/vendor/symfony/console/Input/ArgvInput.php(77): Symfony\\Component\\Console\\Input\\ArgvInput->parseToken()
#3 /home/runner/work/Embroidery-Converter/Embroidery-Converter/vendor/symfony/console/Input/Input.php(53): Symfony\\Component\\Console\\Input\\ArgvInput->parse()
#4 /home/runner/work/Embroidery-Converter/Embroidery-Converter/vendor/symfony/console/Command/Command.php(295): Symfony\\Component\\Console\\Input\\Input->bind()
#5 /home/runner/work/Embroidery-Converter/Embroidery-Converter/vendor/laravel/framework/src/Illuminate/Console/Command.php(182): Symfony\\Component\\Console\\Command\\Command->run()
#6 /home/runner/work/Embroidery-Converter/Embroidery-Converter/vendor/symfony/console/Application.php(1117): Illuminate\\Console\\Command->run()
#7 /home/runner/work/Embroidery-Converter/Embroidery-Converter/vendor/symfony/console/Application.php(356): Symfony\\Component\\Console\\Application->doRunCommand()
#8 /home/runner/work/Embroidery-Converter/Embroidery-Converter/vendor/symfony/console/Application.php(195): Symfony\\Component\\Console\\Application->doRun()
#9 /home/runner/work/Embroidery-Converter/Embroidery-Converter/vendor/laravel/framework/src/Illuminate/Foundation/Console/Kernel.php(198): Symfony\\Component\\Console\\Application->run()
#10 /home/runner/work/Embroidery-Converter/Embroidery-Converter/artisan(24): Illuminate\\Foundation\\Console\\Kernel->handle()
#11 {main}
"} 
